<?xml version="1.1" encoding="UTF-8" standalone="no"?>
<databaseChangeLog xmlns="http://www.liquibase.org/xml/ns/dbchangelog"
    xmlns:ext="http://www.liquibase.org/xml/ns/dbchangelog-ext"
    xmlns:pro="http://www.liquibase.org/xml/ns/pro"
    xmlns:xsi="http://www.w3.org/2001/XMLSchema-instance" xsi:schemaLocation="http://www.liquibase.org/xml/ns/dbchangelog-ext http://www.liquibase.org/xml/ns/dbchangelog/dbchangelog-ext.xsd http://www.liquibase.org/xml/ns/pro http://www.liquibase.org/xml/ns/pro/liquibase-pro-3.9.xsd http://www.liquibase.org/xml/ns/dbchangelog http://www.liquibase.org/xml/ns/dbchangelog/dbchangelog-3.9.xsd">
    <changeSet id="1" author="alvsanand">
        <sql endDelimiter=";">
            CREATE SCHEMA test_schema;
        </sql>
    </changeSet>

    <changeSet id="2" author="alvsanand">
        <sql>
        <![CDATA[
            CREATE EXTERNAL TABLE IF NOT EXISTS test_schema.album (
             `AlbumId` int,
             `Title` string,
             `ArtistId` int
            )
            ROW FORMAT SERDE 'org.apache.hadoop.hive.serde2.lazy.LazySimpleSerDe'
            WITH SERDEPROPERTIES (
             'serialization.format' = ',',
             'field.delim' = ','
            ) LOCATION 's3://cdl-redshift-1-data-transfer/spectrum-sample-data/albums/'
            TBLPROPERTIES (
             'has_encrypted_data'='false',
             'skip.header.line.count'='1'
            )
        ]]>
        </sql>
    </changeSet>
</databaseChangeLog>
